0 info it worked if it ends with ok
1 verbose cli [ '/Users/tom/.nvm/versions/io.js/v1.8.1/bin/iojs',
1 verbose cli   '/Users/tom/.nvm/versions/io.js/v1.8.1/bin/npm',
1 verbose cli   'publish',
1 verbose cli   './' ]
2 info using npm@2.8.3
3 info using node@v1.8.1
4 verbose publish [ './' ]
5 silly cache add args [ './', null ]
6 verbose cache add spec ./
7 silly cache add parsed spec { raw: './',
7 silly cache add   scope: null,
7 silly cache add   name: null,
7 silly cache add   rawSpec: './',
7 silly cache add   spec: '/Users/tom/Code/Sandbox/koa-mongo-rest',
7 silly cache add   type: 'directory' }
8 verbose addLocalDirectory /Users/tom/.npm/koa-mongo-rest/0.3.1/package.tgz not in flight; packing
9 verbose tar pack [ '/Users/tom/.npm/koa-mongo-rest/0.3.1/package.tgz',
9 verbose tar pack   '/Users/tom/Code/Sandbox/koa-mongo-rest' ]
10 verbose tarball /Users/tom/.npm/koa-mongo-rest/0.3.1/package.tgz
11 verbose folder /Users/tom/Code/Sandbox/koa-mongo-rest
12 info prepublish koa-mongo-rest@0.3.1
13 verbose addLocalTarball adding from inside cache /Users/tom/.npm/koa-mongo-rest/0.3.1/package.tgz
14 silly cache afterAdd koa-mongo-rest@0.3.1
15 verbose afterAdd /Users/tom/.npm/koa-mongo-rest/0.3.1/package/package.json not in flight; writing
16 verbose afterAdd /Users/tom/.npm/koa-mongo-rest/0.3.1/package/package.json written
17 silly publish { name: 'koa-mongo-rest',
17 silly publish   version: '0.3.1',
17 silly publish   description: 'generate REST API with koa and mongo',
17 silly publish   main: 'lib/index.js',
17 silly publish   scripts: { test: 'mocha --harmony' },
17 silly publish   repository:
17 silly publish    { type: 'git',
17 silly publish      url: 'git+ssh://git@github.com/t3chnoboy/koa-mongo-rest.git' },
17 silly publish   keywords:
17 silly publish    [ 'koa',
17 silly publish      'REST',
17 silly publish      'API',
17 silly publish      'mongo',
17 silly publish      'mongodb',
17 silly publish      'mongoose',
17 silly publish      'es6',
17 silly publish      'generators',
17 silly publish      'database',
17 silly publish      'db' ],
17 silly publish   author: { name: 'Dmitry Mazuro', email: 'dmitry.mazuro@icloud.com' },
17 silly publish   license: 'BSD-2-Clause',
17 silly publish   bugs: { url: 'https://github.com/t3chnoboy/koa-mongo-rest/issues' },
17 silly publish   homepage: 'https://github.com/t3chnoboy/koa-mongo-rest',
17 silly publish   dependencies: { 'co-body': '^2.0.0', mongoose: '^4.0.2' },
17 silly publish   devDependencies:
17 silly publish    { 'co-mocha': '0.0.2',
17 silly publish      'coffee-script': 'git://github.com/xixixao/coffee-script.git',
17 silly publish      gulp: '^3.6.0',
17 silly publish      'gulp-coffee-es6': 'git://github.com/t3chnoboy/gulp-coffee-es6.git',
17 silly publish      'gulp-nodemon': '^1.0.2',
17 silly publish      koa: '^0.5.2',
17 silly publish      'koa-logger': '^1.2.0',
17 silly publish      'koa-router': '^3.1.2',
17 silly publish      should: '^3.2.0-beta1',
17 silly publish      supertest: '^0.10.0' },
17 silly publish   directories: { doc: 'docs', example: 'example', test: 'test' },
17 silly publish   readme: '# Koa mongo REST [![NPM version](https://badge.fury.io/js/koa-mongo-rest.svg)](http://badge.fury.io/js/koa-mongo-rest) [![Dependency Status](https://gemnasium.com/t3chnoboy/koa-mongo-rest.svg)](https://gemnasium.com/t3chnoboy/koa-mongo-rest) [![Build Status](https://travis-ci.org/t3chnoboy/koa-mongo-rest.svg?branch=master)](https://travis-ci.org/t3chnoboy/koa-mongo-rest)\n\nEasy REST api for [koa](http://koajs.com) server  \n\n[![NPM](https://nodei.co/npm/koa-mongo-rest.png?downloads=true)](https://nodei.co/npm/koa-mongo-rest/)\n\n\n\n## Installation\nInstall using npm:\n```sh\nnpm install koa-mongo-rest\n```\n\n## Usage\n\nRequire library\n```javascript\ngenerateApi = require(\'koa-mongo-rest\');\n```\n\nCreate mongoose model\n```javascript\nmongoUrl = \'127.0.0.1:27017\';\nmongoose = require(\'mongoose\');\nmongoose.connect(mongoUrl);\n\nschema = new mongoose.Schema({\n  email: String,\n  name: String,\n  password: String,\n  address: String,\n  zipcode: Number,\n  lists: Array\n});\n\nmodel = mongoose.model(\'users\', schema);\n```\n\nCreate server\n```javascript\nvar koa = require(\'koa\');\nvar router = require(\'koa-router\');\n\nvar app = koa();\n\n//router is required\napp.use(router(app));\n\n\n//add REST routes to your app. Prefix is optional\ngenerateApi(app, model, \'/api\');\n\napp.listen(process.env.PORT || 5000);\n```\n\nFollowing REST API is now created for you:\n\n| HTTP Verb     | /users   | /users/:id |\n| ------------- | ------------- | --------------- |\n| GET           | Get all documents, or documents that match the query. <br> You can use [mongoose find conditions] (http://mongoosejs.com/docs/queries.html), limit, skip and sort. <br> For example: <br> **/api/users?conditions={"name":"john"}&limit=10&skip=1&sort=-zipcode** | Get the addressed document. |\n| POST          | Create a new document and send it back. |  Update the addressed document with specified attributes. |\n| PUT           | Create a new document and send it back. | Replace the addressed document. |\n| DELETE        | n/a | Delete the addressed document. |\n| PATCH         | n/a | Update the addressed document with specified attributes. |\n',
17 silly publish   readmeFilename: 'README.md',
17 silly publish   gitHead: 'da676d283dce90bd65316a0b2d169c8d8c0dce6c',
17 silly publish   _id: 'koa-mongo-rest@0.3.1',
17 silly publish   _shasum: '3103f9a15fad75a5e9d4360b9f447a8b506ddad7',
17 silly publish   _from: '.' }
18 silly mapToRegistry name koa-mongo-rest
19 silly mapToRegistry using default registry
20 silly mapToRegistry registry https://registry.npmjs.org/
21 silly mapToRegistry uri https://registry.npmjs.org/koa-mongo-rest
22 verbose publish registryBase https://registry.npmjs.org/
23 silly publish uploading /Users/tom/.npm/koa-mongo-rest/0.3.1/package.tgz
24 verbose request uri https://registry.npmjs.org/koa-mongo-rest
25 verbose request sending authorization for write operation
26 info attempt registry request try #1 at 19:30:19
27 verbose request using bearer token for auth
28 verbose request id 42fb7fd857ff24a8
29 http request PUT https://registry.npmjs.org/koa-mongo-rest
30 http 404 https://registry.npmjs.org/koa-mongo-rest
31 verbose headers { 'content-type': 'application/json',
31 verbose headers   'cache-control': 'max-age=0',
31 verbose headers   'content-length': '21',
31 verbose headers   'accept-ranges': 'bytes',
31 verbose headers   date: 'Sat, 09 May 2015 17:30:20 GMT',
31 verbose headers   via: '1.1 varnish',
31 verbose headers   connection: 'keep-alive',
31 verbose headers   'x-served-by': 'cache-ams4145-AMS',
31 verbose headers   'x-cache': 'MISS',
31 verbose headers   'x-cache-hits': '0',
31 verbose headers   'x-timer': 'S1431192619.605540,VS0,VE735' }
32 verbose request invalidating /Users/tom/.npm/registry.npmjs.org/koa-mongo-rest on PUT
33 error publish Failed PUT 404
34 verbose stack Error: Not found : koa-mongo-rest
34 verbose stack     at CachingRegistryClient.<anonymous> (/Users/tom/.nvm/versions/io.js/v1.8.1/lib/node_modules/npm/node_modules/npm-registry-client/lib/request.js:247:14)
34 verbose stack     at Request._callback (/Users/tom/.nvm/versions/io.js/v1.8.1/lib/node_modules/npm/node_modules/npm-registry-client/lib/request.js:170:14)
34 verbose stack     at Request.self.callback (/Users/tom/.nvm/versions/io.js/v1.8.1/lib/node_modules/npm/node_modules/request/request.js:368:22)
34 verbose stack     at emitTwo (events.js:87:13)
34 verbose stack     at Request.emit (events.js:169:7)
34 verbose stack     at Request.<anonymous> (/Users/tom/.nvm/versions/io.js/v1.8.1/lib/node_modules/npm/node_modules/request/request.js:1219:14)
34 verbose stack     at emitOne (events.js:82:20)
34 verbose stack     at Request.emit (events.js:166:7)
34 verbose stack     at IncomingMessage.<anonymous> (/Users/tom/.nvm/versions/io.js/v1.8.1/lib/node_modules/npm/node_modules/request/request.js:1167:12)
34 verbose stack     at emitNone (events.js:72:20)
35 verbose statusCode 404
36 verbose pkgid koa-mongo-rest
37 verbose cwd /Users/tom/Code/Sandbox/koa-mongo-rest
38 error Darwin 14.3.0
39 error argv "/Users/tom/.nvm/versions/io.js/v1.8.1/bin/iojs" "/Users/tom/.nvm/versions/io.js/v1.8.1/bin/npm" "publish" "./"
40 error node v1.8.1
41 error npm  v2.8.3
42 error code E404
43 error 404 Not found : koa-mongo-rest
43 error 404
43 error 404 'koa-mongo-rest' is not in the npm registry.
43 error 404 You should bug the author to publish it (or use the name yourself!)
43 error 404
43 error 404 Note that you can also install from a
43 error 404 tarball, folder, http url, or git url.
44 verbose exit [ 1, true ]
